<?xml version="1.0" encoding="UTF-8"?>
<testsuite name="com.dws.challenge.AccountsControllerTest" tests="1" skipped="0" failures="0" errors="0" timestamp="2024-03-11T17:29:33" hostname="USER-O36KFMEVG6" time="0.719">
  <properties/>
  <testcase name="POST /account/{fromAccountId}/transfers - Insufficient balance" classname="com.dws.challenge.AccountsControllerTest" time="0.719"/>
  <system-out><![CDATA[22:59:32.057 [Test worker] INFO org.springframework.test.context.support.AnnotationConfigContextLoaderUtils -- Could not detect default configuration classes for test class [com.dws.challenge.AccountsControllerTest]: AccountsControllerTest does not declare any static, non-private, non-final, nested classes annotated with @Configuration.
22:59:32.148 [Test worker] INFO org.springframework.boot.test.context.SpringBootTestContextBootstrapper -- Found @SpringBootConfiguration com.dws.challenge.ChallengeApplication for test class com.dws.challenge.AccountsControllerTest

  .   ____          _            __ _ _
 /\\ / ___'_ __ _ _(_)_ __  __ _ \ \ \ \
( ( )\___ | '_ | '_| | '_ \/ _` | \ \ \ \
 \\/  ___)| |_)| | | | | || (_| |  ) ) ) )
  '  |____| .__|_| |_|_| |_\__, | / / / /
 =========|_|==============|___/=/_/_/_/
 :: Spring Boot ::                (v3.2.3)

2024-03-11T22:59:32.456+05:30  INFO 21464 --- [    Test worker] c.dws.challenge.AccountsControllerTest   : Starting AccountsControllerTest using Java 17.0.10 with PID 21464 (started by SrTupakula in C:\Users\SrTupakula\Desktop\challenge)
2024-03-11T22:59:32.456+05:30  INFO 21464 --- [    Test worker] c.dws.challenge.AccountsControllerTest   : No active profile set, falling back to 1 default profile: "default"
2024-03-11T22:59:33.461+05:30  INFO 21464 --- [    Test worker] c.dws.challenge.AccountsControllerTest   : Started AccountsControllerTest in 1.186 seconds (process running for 2.198)
2024-03-11T22:59:34.157+05:30  INFO 21464 --- [    Test worker] o.s.b.t.m.w.SpringBootMockServletContext : Initializing Spring TestDispatcherServlet ''
2024-03-11T22:59:34.157+05:30  INFO 21464 --- [    Test worker] o.s.t.web.servlet.TestDispatcherServlet  : Initializing Servlet ''
2024-03-11T22:59:34.159+05:30  INFO 21464 --- [    Test worker] o.s.t.web.servlet.TestDispatcherServlet  : Completed initialization in 1 ms
]]></system-out>
  <system-err><![CDATA[]]></system-err>
</testsuite>
